0 info it worked if it ends with ok
1 verbose cli [ 'C:\\Program Files\\nodejs\\node.exe',
1 verbose cli   'C:\\Users\\jliu1\\AppData\\Roaming\\npm\\node_modules\\npm\\bin\\npm-cli.js',
1 verbose cli   'install',
1 verbose cli   'node-expat' ]
2 info using npm@3.10.5
3 info using node@v4.4.7
4 silly loadCurrentTree Starting
5 silly install loadCurrentTree
6 silly install readLocalPackageData
7 silly fetchPackageMetaData node-expat
8 silly fetchNamedPackageData node-expat
9 silly mapToRegistry name node-expat
10 silly mapToRegistry using default registry
11 silly mapToRegistry registry https://registry.npmjs.org/
12 silly mapToRegistry data Result {
12 silly mapToRegistry   raw: 'node-expat',
12 silly mapToRegistry   scope: null,
12 silly mapToRegistry   escapedName: 'node-expat',
12 silly mapToRegistry   name: 'node-expat',
12 silly mapToRegistry   rawSpec: '',
12 silly mapToRegistry   spec: 'latest',
12 silly mapToRegistry   type: 'tag' }
13 silly mapToRegistry uri https://registry.npmjs.org/node-expat
14 verbose request uri https://registry.npmjs.org/node-expat
15 verbose request no auth needed
16 info attempt registry request try #1 at 2:41:53 PM
17 verbose request id 397061b9e39c4ec6
18 verbose etag "7B2MXJDNEB20NO12MOB2QYMO1"
19 http request GET https://registry.npmjs.org/node-expat
20 http 304 https://registry.npmjs.org/node-expat
21 verbose headers { date: 'Fri, 26 Aug 2016 18:42:22 GMT',
21 verbose headers   via: '1.1 varnish',
21 verbose headers   'cache-control': 'max-age=300',
21 verbose headers   etag: '"7B2MXJDNEB20NO12MOB2QYMO1"',
21 verbose headers   age: '92',
21 verbose headers   connection: 'keep-alive',
21 verbose headers   'x-served-by': 'cache-iad2141-IAD',
21 verbose headers   'x-cache': 'HIT',
21 verbose headers   'x-cache-hits': '1',
21 verbose headers   'x-timer': 'S1472236942.927194,VS0,VE0',
21 verbose headers   vary: 'Accept-Encoding' }
22 silly get cb [ 304,
22 silly get   { date: 'Fri, 26 Aug 2016 18:42:22 GMT',
22 silly get     via: '1.1 varnish',
22 silly get     'cache-control': 'max-age=300',
22 silly get     etag: '"7B2MXJDNEB20NO12MOB2QYMO1"',
22 silly get     age: '92',
22 silly get     connection: 'keep-alive',
22 silly get     'x-served-by': 'cache-iad2141-IAD',
22 silly get     'x-cache': 'HIT',
22 silly get     'x-cache-hits': '1',
22 silly get     'x-timer': 'S1472236942.927194,VS0,VE0',
22 silly get     vary: 'Accept-Encoding' } ]
23 verbose etag https://registry.npmjs.org/node-expat from cache
24 verbose get saving node-expat to C:\Users\jliu1\AppData\Roaming\npm-cache\registry.npmjs.org\node-expat\.cache.json
25 verbose correctMkdir C:\Users\jliu1\AppData\Roaming\npm-cache correctMkdir not in flight; initializing
26 silly install normalizeTree
27 silly loadCurrentTree Finishing
28 silly loadIdealTree Starting
29 silly install loadIdealTree
30 silly cloneCurrentTree Starting
31 silly install cloneCurrentTreeToIdealTree
32 silly cloneCurrentTree Finishing
33 silly loadShrinkwrap Starting
34 silly install loadShrinkwrap
35 silly loadShrinkwrap Finishing
36 silly loadAllDepsIntoIdealTree Starting
37 silly install loadAllDepsIntoIdealTree
38 silly resolveWithNewModule node-expat@2.3.15 checking installable status
39 silly cache add args [ 'node-expat', null ]
40 verbose cache add spec node-expat
41 silly cache add parsed spec Result {
41 silly cache add   raw: 'node-expat',
41 silly cache add   scope: null,
41 silly cache add   escapedName: 'node-expat',
41 silly cache add   name: 'node-expat',
41 silly cache add   rawSpec: '',
41 silly cache add   spec: 'latest',
41 silly cache add   type: 'tag' }
42 silly addNamed node-expat@latest
43 verbose addNamed "latest" is being treated as a dist-tag for node-expat
44 info addNameTag [ 'node-expat', 'latest' ]
45 silly mapToRegistry name node-expat
46 silly mapToRegistry using default registry
47 silly mapToRegistry registry https://registry.npmjs.org/
48 silly mapToRegistry data Result {
48 silly mapToRegistry   raw: 'node-expat',
48 silly mapToRegistry   scope: null,
48 silly mapToRegistry   escapedName: 'node-expat',
48 silly mapToRegistry   name: 'node-expat',
48 silly mapToRegistry   rawSpec: '',
48 silly mapToRegistry   spec: 'latest',
48 silly mapToRegistry   type: 'tag' }
49 silly mapToRegistry uri https://registry.npmjs.org/node-expat
50 verbose addNameTag registry:https://registry.npmjs.org/node-expat not in flight; fetching
51 verbose get https://registry.npmjs.org/node-expat not expired, no request
52 silly addNameTag next cb for node-expat with tag latest
53 silly addNamed node-expat@2.3.15
54 verbose addNamed "2.3.15" is a plain semver version for node-expat
55 silly cache afterAdd node-expat@2.3.15
56 verbose afterAdd C:\Users\jliu1\AppData\Roaming\npm-cache\node-expat\2.3.15\package\package.json not in flight; writing
57 verbose correctMkdir C:\Users\jliu1\AppData\Roaming\npm-cache correctMkdir not in flight; initializing
58 verbose afterAdd C:\Users\jliu1\AppData\Roaming\npm-cache\node-expat\2.3.15\package\package.json written
59 silly fetchNamedPackageData bindings
60 silly mapToRegistry name bindings
61 silly mapToRegistry using default registry
62 silly mapToRegistry registry https://registry.npmjs.org/
63 silly mapToRegistry data Result {
63 silly mapToRegistry   raw: 'bindings',
63 silly mapToRegistry   scope: null,
63 silly mapToRegistry   escapedName: 'bindings',
63 silly mapToRegistry   name: 'bindings',
63 silly mapToRegistry   rawSpec: '',
63 silly mapToRegistry   spec: 'latest',
63 silly mapToRegistry   type: 'tag' }
64 silly mapToRegistry uri https://registry.npmjs.org/bindings
65 silly fetchNamedPackageData nan
66 silly mapToRegistry name nan
67 silly mapToRegistry using default registry
68 silly mapToRegistry registry https://registry.npmjs.org/
69 silly mapToRegistry data Result {
69 silly mapToRegistry   raw: 'nan',
69 silly mapToRegistry   scope: null,
69 silly mapToRegistry   escapedName: 'nan',
69 silly mapToRegistry   name: 'nan',
69 silly mapToRegistry   rawSpec: '',
69 silly mapToRegistry   spec: 'latest',
69 silly mapToRegistry   type: 'tag' }
70 silly mapToRegistry uri https://registry.npmjs.org/nan
71 verbose request uri https://registry.npmjs.org/bindings
72 verbose request no auth needed
73 info attempt registry request try #1 at 2:41:53 PM
74 verbose etag "33TX4J3DNTGF7K41ZUV6OA182"
75 http request GET https://registry.npmjs.org/bindings
76 http 304 https://registry.npmjs.org/bindings
77 verbose headers { date: 'Fri, 26 Aug 2016 18:42:23 GMT',
77 verbose headers   via: '1.1 varnish',
77 verbose headers   'cache-control': 'max-age=300',
77 verbose headers   etag: '"33TX4J3DNTGF7K41ZUV6OA182"',
77 verbose headers   age: '125',
77 verbose headers   connection: 'keep-alive',
77 verbose headers   'x-served-by': 'cache-iad2141-IAD',
77 verbose headers   'x-cache': 'HIT',
77 verbose headers   'x-cache-hits': '2',
77 verbose headers   'x-timer': 'S1472236943.271620,VS0,VE0',
77 verbose headers   vary: 'Accept-Encoding' }
78 silly get cb [ 304,
78 silly get   { date: 'Fri, 26 Aug 2016 18:42:23 GMT',
78 silly get     via: '1.1 varnish',
78 silly get     'cache-control': 'max-age=300',
78 silly get     etag: '"33TX4J3DNTGF7K41ZUV6OA182"',
78 silly get     age: '125',
78 silly get     connection: 'keep-alive',
78 silly get     'x-served-by': 'cache-iad2141-IAD',
78 silly get     'x-cache': 'HIT',
78 silly get     'x-cache-hits': '2',
78 silly get     'x-timer': 'S1472236943.271620,VS0,VE0',
78 silly get     vary: 'Accept-Encoding' } ]
79 verbose etag https://registry.npmjs.org/bindings from cache
80 verbose get saving bindings to C:\Users\jliu1\AppData\Roaming\npm-cache\registry.npmjs.org\bindings\.cache.json
81 verbose correctMkdir C:\Users\jliu1\AppData\Roaming\npm-cache correctMkdir not in flight; initializing
82 verbose request uri https://registry.npmjs.org/nan
83 verbose request no auth needed
84 info attempt registry request try #1 at 2:41:53 PM
85 verbose etag "NAY6YRKIZAXUCU18M1YHIEA2"
86 http request GET https://registry.npmjs.org/nan
87 silly resolveWithNewModule bindings@1.2.1 checking installable status
88 silly cache add args [ 'bindings@^1.2.1', null ]
89 verbose cache add spec bindings@^1.2.1
90 silly cache add parsed spec Result {
90 silly cache add   raw: 'bindings@^1.2.1',
90 silly cache add   scope: null,
90 silly cache add   escapedName: 'bindings',
90 silly cache add   name: 'bindings',
90 silly cache add   rawSpec: '^1.2.1',
90 silly cache add   spec: '>=1.2.1 <2.0.0',
90 silly cache add   type: 'range' }
91 silly addNamed bindings@>=1.2.1 <2.0.0
92 verbose addNamed ">=1.2.1 <2.0.0" is a valid semver range for bindings
93 silly addNameRange { name: 'bindings', range: '>=1.2.1 <2.0.0', hasData: false }
94 silly mapToRegistry name bindings
95 silly mapToRegistry using default registry
96 silly mapToRegistry registry https://registry.npmjs.org/
97 silly mapToRegistry data Result {
97 silly mapToRegistry   raw: 'bindings',
97 silly mapToRegistry   scope: null,
97 silly mapToRegistry   escapedName: 'bindings',
97 silly mapToRegistry   name: 'bindings',
97 silly mapToRegistry   rawSpec: '',
97 silly mapToRegistry   spec: 'latest',
97 silly mapToRegistry   type: 'tag' }
98 silly mapToRegistry uri https://registry.npmjs.org/bindings
99 verbose addNameRange registry:https://registry.npmjs.org/bindings not in flight; fetching
100 verbose get https://registry.npmjs.org/bindings not expired, no request
101 silly addNameRange number 2 { name: 'bindings', range: '>=1.2.1 <2.0.0', hasData: true }
102 silly addNameRange versions [ 'bindings',
102 silly addNameRange   [ '0.0.1',
102 silly addNameRange     '0.1.0',
102 silly addNameRange     '0.1.1',
102 silly addNameRange     '0.2.0',
102 silly addNameRange     '0.2.1',
102 silly addNameRange     '0.2.2',
102 silly addNameRange     '0.2.3',
102 silly addNameRange     '0.2.4',
102 silly addNameRange     '0.3.0',
102 silly addNameRange     '0.4.0',
102 silly addNameRange     '1.0.0',
102 silly addNameRange     '1.1.0',
102 silly addNameRange     '1.1.1',
102 silly addNameRange     '1.2.0',
102 silly addNameRange     '1.2.1' ] ]
103 silly addNamed bindings@1.2.1
104 verbose addNamed "1.2.1" is a plain semver version for bindings
105 http 200 https://registry.npmjs.org/nan
106 verbose headers { server: 'CouchDB/1.6.1 (Erlang OTP/R16B03)',
106 verbose headers   etag: '"2I1TQWGSK1JO7PYTHR6DA7F4A"',
106 verbose headers   'content-type': 'application/json',
106 verbose headers   'content-encoding': 'gzip',
106 verbose headers   'cache-control': 'max-age=300',
106 verbose headers   'content-length': '17134',
106 verbose headers   'accept-ranges': 'bytes',
106 verbose headers   date: 'Fri, 26 Aug 2016 18:42:23 GMT',
106 verbose headers   via: '1.1 varnish',
106 verbose headers   age: '25',
106 verbose headers   connection: 'keep-alive',
106 verbose headers   'x-served-by': 'cache-iad2141-IAD',
106 verbose headers   'x-cache': 'HIT',
106 verbose headers   'x-cache-hits': '1',
106 verbose headers   'x-timer': 'S1472236943.291184,VS0,VE0',
106 verbose headers   vary: 'Accept-Encoding' }
107 silly get cb [ 200,
107 silly get   { server: 'CouchDB/1.6.1 (Erlang OTP/R16B03)',
107 silly get     etag: '"2I1TQWGSK1JO7PYTHR6DA7F4A"',
107 silly get     'content-type': 'application/json',
107 silly get     'content-encoding': 'gzip',
107 silly get     'cache-control': 'max-age=300',
107 silly get     'content-length': '17134',
107 silly get     'accept-ranges': 'bytes',
107 silly get     date: 'Fri, 26 Aug 2016 18:42:23 GMT',
107 silly get     via: '1.1 varnish',
107 silly get     age: '25',
107 silly get     connection: 'keep-alive',
107 silly get     'x-served-by': 'cache-iad2141-IAD',
107 silly get     'x-cache': 'HIT',
107 silly get     'x-cache-hits': '1',
107 silly get     'x-timer': 'S1472236943.291184,VS0,VE0',
107 silly get     vary: 'Accept-Encoding' } ]
108 verbose get saving nan to C:\Users\jliu1\AppData\Roaming\npm-cache\registry.npmjs.org\nan\.cache.json
109 verbose correctMkdir C:\Users\jliu1\AppData\Roaming\npm-cache correctMkdir not in flight; initializing
110 silly resolveWithNewModule nan@2.4.0 checking installable status
111 silly cache add args [ 'nan@^2.3.5', null ]
112 verbose cache add spec nan@^2.3.5
113 silly cache add parsed spec Result {
113 silly cache add   raw: 'nan@^2.3.5',
113 silly cache add   scope: null,
113 silly cache add   escapedName: 'nan',
113 silly cache add   name: 'nan',
113 silly cache add   rawSpec: '^2.3.5',
113 silly cache add   spec: '>=2.3.5 <3.0.0',
113 silly cache add   type: 'range' }
114 silly addNamed nan@>=2.3.5 <3.0.0
115 verbose addNamed ">=2.3.5 <3.0.0" is a valid semver range for nan
116 silly addNameRange { name: 'nan', range: '>=2.3.5 <3.0.0', hasData: false }
117 silly mapToRegistry name nan
118 silly mapToRegistry using default registry
119 silly mapToRegistry registry https://registry.npmjs.org/
120 silly mapToRegistry data Result {
120 silly mapToRegistry   raw: 'nan',
120 silly mapToRegistry   scope: null,
120 silly mapToRegistry   escapedName: 'nan',
120 silly mapToRegistry   name: 'nan',
120 silly mapToRegistry   rawSpec: '',
120 silly mapToRegistry   spec: 'latest',
120 silly mapToRegistry   type: 'tag' }
121 silly mapToRegistry uri https://registry.npmjs.org/nan
122 verbose addNameRange registry:https://registry.npmjs.org/nan not in flight; fetching
123 verbose get https://registry.npmjs.org/nan not expired, no request
124 silly addNameRange number 2 { name: 'nan', range: '>=2.3.5 <3.0.0', hasData: true }
125 silly addNameRange versions [ 'nan',
125 silly addNameRange   [ '0.3.0-wip',
125 silly addNameRange     '0.3.0-wip2',
125 silly addNameRange     '0.3.0',
125 silly addNameRange     '0.3.1',
125 silly addNameRange     '0.3.2',
125 silly addNameRange     '0.4.0',
125 silly addNameRange     '0.4.1',
125 silly addNameRange     '0.4.2',
125 silly addNameRange     '0.4.3',
125 silly addNameRange     '0.4.4',
125 silly addNameRange     '0.5.0',
125 silly addNameRange     '0.5.1',
125 silly addNameRange     '0.5.2',
125 silly addNameRange     '0.6.0',
125 silly addNameRange     '0.7.0',
125 silly addNameRange     '0.7.1',
125 silly addNameRange     '0.8.0',
125 silly addNameRange     '1.0.0',
125 silly addNameRange     '1.1.0',
125 silly addNameRange     '1.1.1',
125 silly addNameRange     '1.1.2',
125 silly addNameRange     '1.2.0',
125 silly addNameRange     '1.3.0',
125 silly addNameRange     '1.4.0',
125 silly addNameRange     '1.4.1',
125 silly addNameRange     '1.5.0',
125 silly addNameRange     '1.4.2',
125 silly addNameRange     '1.4.3',
125 silly addNameRange     '1.5.1',
125 silly addNameRange     '1.5.2',
125 silly addNameRange     '1.6.0',
125 silly addNameRange     '1.5.3',
125 silly addNameRange     '1.6.1',
125 silly addNameRange     '1.6.2',
125 silly addNameRange     '1.7.0',
125 silly addNameRange     '1.8.0',
125 silly addNameRange     '1.8.1',
125 silly addNameRange     '1.8.2',
125 silly addNameRange     '1.8.3',
125 silly addNameRange     '1.8.4',
125 silly addNameRange     '1.9.0',
125 silly addNameRange     '2.0.0',
125 silly addNameRange     '2.0.1',
125 silly addNameRange     '2.0.2',
125 silly addNameRange     '2.0.3',
125 silly addNameRange     '2.0.4',
125 silly addNameRange     '2.0.5',
125 silly addNameRange     '2.0.6',
125 silly addNameRange     '2.0.7',
125 silly addNameRange     '2.0.8',
125 silly addNameRange     '2.0.9',
125 silly addNameRange     '2.1.0',
125 silly addNameRange     '2.2.0',
125 silly addNameRange     '2.2.1',
125 silly addNameRange     '2.3.0',
125 silly addNameRange     '2.3.1',
125 silly addNameRange     '2.3.2',
125 silly addNameRange     '2.3.3',
125 silly addNameRange     '2.3.4',
125 silly addNameRange     '2.3.5',
125 silly addNameRange     '2.4.0' ] ]
126 silly addNamed nan@2.4.0
127 verbose addNamed "2.4.0" is a plain semver version for nan
128 silly cache afterAdd bindings@1.2.1
129 verbose afterAdd C:\Users\jliu1\AppData\Roaming\npm-cache\bindings\1.2.1\package\package.json not in flight; writing
130 verbose correctMkdir C:\Users\jliu1\AppData\Roaming\npm-cache correctMkdir not in flight; initializing
131 verbose afterAdd C:\Users\jliu1\AppData\Roaming\npm-cache\bindings\1.2.1\package\package.json written
132 silly cache afterAdd nan@2.4.0
133 verbose afterAdd C:\Users\jliu1\AppData\Roaming\npm-cache\nan\2.4.0\package\package.json not in flight; writing
134 verbose correctMkdir C:\Users\jliu1\AppData\Roaming\npm-cache correctMkdir not in flight; initializing
135 verbose afterAdd C:\Users\jliu1\AppData\Roaming\npm-cache\nan\2.4.0\package\package.json written
136 silly loadAllDepsIntoIdealTree Finishing
137 silly loadIdealTree Finishing
138 silly currentTree simple-webcrawler-javascript@0.0.0
138 silly currentTree +-- ansi-regex@2.0.0
138 silly currentTree +-- ansi-styles@2.2.1
138 silly currentTree +-- asn1@0.2.3
138 silly currentTree +-- assert-plus@0.2.0
138 silly currentTree +-- async@1.5.2
138 silly currentTree +-- aws-sign2@0.6.0
138 silly currentTree +-- aws4@1.4.1
138 silly currentTree +-- bl@1.1.2
138 silly currentTree | +-- isarray@1.0.0
138 silly currentTree | `-- readable-stream@2.0.6
138 silly currentTree +-- bluebird@2.10.2
138 silly currentTree +-- boolbase@1.0.0
138 silly currentTree +-- boom@2.10.1
138 silly currentTree +-- bson@0.4.23
138 silly currentTree +-- caseless@0.11.0
138 silly currentTree +-- chalk@1.1.3
138 silly currentTree +-- cheerio@0.19.0
138 silly currentTree +-- combined-stream@1.0.5
138 silly currentTree +-- commander@2.9.0
138 silly currentTree +-- core-util-is@1.0.2
138 silly currentTree +-- cryptiles@2.0.5
138 silly currentTree +-- css-select@1.0.0
138 silly currentTree +-- css-what@1.0.0
138 silly currentTree +-- dashdash@1.14.0
138 silly currentTree | `-- assert-plus@1.0.0
138 silly currentTree +-- debug@2.2.0
138 silly currentTree +-- delayed-stream@1.0.0
138 silly currentTree +-- dom-serializer@0.1.0
138 silly currentTree | `-- domelementtype@1.1.3
138 silly currentTree +-- domelementtype@1.3.0
138 silly currentTree +-- domhandler@2.3.0
138 silly currentTree +-- domutils@1.4.3
138 silly currentTree +-- easyxml@2.0.1
138 silly currentTree +-- ecc-jsbn@0.1.1
138 silly currentTree +-- elementtree@0.1.6
138 silly currentTree | `-- sax@0.3.5
138 silly currentTree +-- entities@1.1.1
138 silly currentTree +-- es6-promise@3.0.2
138 silly currentTree +-- escape-string-regexp@1.0.5
138 silly currentTree +-- extend@3.0.0
138 silly currentTree +-- extsprintf@1.0.2
138 silly currentTree +-- forever-agent@0.6.1
138 silly currentTree +-- form-data@1.0.0-rc4
138 silly currentTree +-- generate-function@2.0.0
138 silly currentTree +-- generate-object-property@1.2.0
138 silly currentTree +-- getpass@0.1.6
138 silly currentTree | `-- assert-plus@1.0.0
138 silly currentTree +-- graceful-readlink@1.0.1
138 silly currentTree +-- har-validator@2.0.6
138 silly currentTree +-- has-ansi@2.0.0
138 silly currentTree +-- hawk@3.1.3
138 silly currentTree +-- hoek@2.16.3
138 silly currentTree +-- hooks-fixed@1.2.0
138 silly currentTree +-- htmlparser2@3.8.3
138 silly currentTree | +-- domutils@1.5.1
138 silly currentTree | `-- entities@1.0.0
138 silly currentTree +-- http-signature@1.1.1
138 silly currentTree +-- inflect@0.3.0
138 silly currentTree +-- inherits@2.0.1
138 silly currentTree +-- is-my-json-valid@2.13.1
138 silly currentTree +-- is-property@1.0.2
138 silly currentTree +-- is-typedarray@1.0.0
138 silly currentTree +-- isarray@0.0.1
138 silly currentTree +-- isemail@2.2.1
138 silly currentTree +-- isstream@0.1.2
138 silly currentTree +-- items@2.1.1
138 silly currentTree +-- jodid25519@1.0.2
138 silly currentTree +-- joi@9.0.4
138 silly currentTree | `-- hoek@4.0.2
138 silly currentTree +-- jsbn@0.1.0
138 silly currentTree +-- json-schema@0.2.2
138 silly currentTree +-- json-stringify-safe@5.0.1
138 silly currentTree +-- jsonpointer@2.0.0
138 silly currentTree +-- jsprim@1.3.0
138 silly currentTree +-- kareem@1.1.3
138 silly currentTree +-- lodash@3.10.1
138 silly currentTree +-- mime-db@1.23.0
138 silly currentTree +-- mime-types@2.1.11
138 silly currentTree +-- moment@2.14.1
138 silly currentTree +-- mongodb-core@1.3.18
138 silly currentTree +-- mongodb@2.1.18
138 silly currentTree | `-- readable-stream@1.0.31
138 silly currentTree +-- mongoose@4.5.9
138 silly currentTree +-- mpath@0.2.1
138 silly currentTree +-- mpromise@0.5.5
138 silly currentTree +-- mquery@1.11.0
138 silly currentTree | `-- sliced@0.0.5
138 silly currentTree +-- ms@0.7.1
138 silly currentTree +-- muri@1.1.0
138 silly currentTree +-- node-uuid@1.4.7
138 silly currentTree +-- nth-check@1.0.1
138 silly currentTree +-- oauth-sign@0.8.2
138 silly currentTree +-- pinkie-promise@2.0.1
138 silly currentTree +-- pinkie@2.0.4
138 silly currentTree +-- process-nextick-args@1.0.7
138 silly currentTree +-- qs@6.2.1
138 silly currentTree +-- querystringify@0.0.4
138 silly currentTree +-- readable-stream@1.1.14
138 silly currentTree +-- regexp-clone@0.0.1
138 silly currentTree +-- request@2.74.0
138 silly currentTree +-- require_optional@1.0.0
138 silly currentTree +-- requires-port@1.0.0
138 silly currentTree +-- resolve-from@2.0.0
138 silly currentTree +-- sax@1.2.1
138 silly currentTree +-- semver@5.3.0
138 silly currentTree +-- sliced@1.0.1
138 silly currentTree +-- sntp@1.0.9
138 silly currentTree +-- sshpk@1.9.2
138 silly currentTree | `-- assert-plus@1.0.0
138 silly currentTree +-- string_decoder@0.10.31
138 silly currentTree +-- stringstream@0.0.5
138 silly currentTree +-- strip-ansi@3.0.1
138 silly currentTree +-- supports-color@2.0.0
138 silly currentTree +-- topo@2.0.2
138 silly currentTree | `-- hoek@4.0.2
138 silly currentTree +-- tough-cookie@2.3.1
138 silly currentTree +-- tunnel-agent@0.4.3
138 silly currentTree +-- tweetnacl@0.13.3
138 silly currentTree +-- url-parse@1.1.3
138 silly currentTree +-- util-deprecate@1.0.2
138 silly currentTree +-- verror@1.3.6
138 silly currentTree +-- xml2js@0.4.17
138 silly currentTree +-- xmlbuilder@4.2.1
138 silly currentTree | `-- lodash@4.15.0
138 silly currentTree `-- xtend@4.0.1
139 silly idealTree simple-webcrawler-javascript@0.0.0
139 silly idealTree +-- ansi-regex@2.0.0
139 silly idealTree +-- ansi-styles@2.2.1
139 silly idealTree +-- asn1@0.2.3
139 silly idealTree +-- assert-plus@0.2.0
139 silly idealTree +-- async@1.5.2
139 silly idealTree +-- aws-sign2@0.6.0
139 silly idealTree +-- aws4@1.4.1
139 silly idealTree +-- bindings@1.2.1
139 silly idealTree +-- bl@1.1.2
139 silly idealTree | +-- isarray@1.0.0
139 silly idealTree | `-- readable-stream@2.0.6
139 silly idealTree +-- bluebird@2.10.2
139 silly idealTree +-- boolbase@1.0.0
139 silly idealTree +-- boom@2.10.1
139 silly idealTree +-- bson@0.4.23
139 silly idealTree +-- caseless@0.11.0
139 silly idealTree +-- chalk@1.1.3
139 silly idealTree +-- cheerio@0.19.0
139 silly idealTree +-- combined-stream@1.0.5
139 silly idealTree +-- commander@2.9.0
139 silly idealTree +-- core-util-is@1.0.2
139 silly idealTree +-- cryptiles@2.0.5
139 silly idealTree +-- css-select@1.0.0
139 silly idealTree +-- css-what@1.0.0
139 silly idealTree +-- dashdash@1.14.0
139 silly idealTree | `-- assert-plus@1.0.0
139 silly idealTree +-- debug@2.2.0
139 silly idealTree +-- delayed-stream@1.0.0
139 silly idealTree +-- dom-serializer@0.1.0
139 silly idealTree | `-- domelementtype@1.1.3
139 silly idealTree +-- domelementtype@1.3.0
139 silly idealTree +-- domhandler@2.3.0
139 silly idealTree +-- domutils@1.4.3
139 silly idealTree +-- easyxml@2.0.1
139 silly idealTree +-- ecc-jsbn@0.1.1
139 silly idealTree +-- elementtree@0.1.6
139 silly idealTree | `-- sax@0.3.5
139 silly idealTree +-- entities@1.1.1
139 silly idealTree +-- es6-promise@3.0.2
139 silly idealTree +-- escape-string-regexp@1.0.5
139 silly idealTree +-- extend@3.0.0
139 silly idealTree +-- extsprintf@1.0.2
139 silly idealTree +-- forever-agent@0.6.1
139 silly idealTree +-- form-data@1.0.0-rc4
139 silly idealTree +-- generate-function@2.0.0
139 silly idealTree +-- generate-object-property@1.2.0
139 silly idealTree +-- getpass@0.1.6
139 silly idealTree | `-- assert-plus@1.0.0
139 silly idealTree +-- graceful-readlink@1.0.1
139 silly idealTree +-- har-validator@2.0.6
139 silly idealTree +-- has-ansi@2.0.0
139 silly idealTree +-- hawk@3.1.3
139 silly idealTree +-- hoek@2.16.3
139 silly idealTree +-- hooks-fixed@1.2.0
139 silly idealTree +-- htmlparser2@3.8.3
139 silly idealTree | +-- domutils@1.5.1
139 silly idealTree | `-- entities@1.0.0
139 silly idealTree +-- http-signature@1.1.1
139 silly idealTree +-- inflect@0.3.0
139 silly idealTree +-- inherits@2.0.1
139 silly idealTree +-- is-my-json-valid@2.13.1
139 silly idealTree +-- is-property@1.0.2
139 silly idealTree +-- is-typedarray@1.0.0
139 silly idealTree +-- isarray@0.0.1
139 silly idealTree +-- isemail@2.2.1
139 silly idealTree +-- isstream@0.1.2
139 silly idealTree +-- items@2.1.1
139 silly idealTree +-- jodid25519@1.0.2
139 silly idealTree +-- joi@9.0.4
139 silly idealTree | `-- hoek@4.0.2
139 silly idealTree +-- jsbn@0.1.0
139 silly idealTree +-- json-schema@0.2.2
139 silly idealTree +-- json-stringify-safe@5.0.1
139 silly idealTree +-- jsonpointer@2.0.0
139 silly idealTree +-- jsprim@1.3.0
139 silly idealTree +-- kareem@1.1.3
139 silly idealTree +-- lodash@3.10.1
139 silly idealTree +-- mime-db@1.23.0
139 silly idealTree +-- mime-types@2.1.11
139 silly idealTree +-- moment@2.14.1
139 silly idealTree +-- mongodb-core@1.3.18
139 silly idealTree +-- mongodb@2.1.18
139 silly idealTree | `-- readable-stream@1.0.31
139 silly idealTree +-- mongoose@4.5.9
139 silly idealTree +-- mpath@0.2.1
139 silly idealTree +-- mpromise@0.5.5
139 silly idealTree +-- mquery@1.11.0
139 silly idealTree | `-- sliced@0.0.5
139 silly idealTree +-- ms@0.7.1
139 silly idealTree +-- muri@1.1.0
139 silly idealTree +-- nan@2.4.0
139 silly idealTree +-- node-expat@2.3.15
139 silly idealTree +-- node-uuid@1.4.7
139 silly idealTree +-- nth-check@1.0.1
139 silly idealTree +-- oauth-sign@0.8.2
139 silly idealTree +-- pinkie-promise@2.0.1
139 silly idealTree +-- pinkie@2.0.4
139 silly idealTree +-- process-nextick-args@1.0.7
139 silly idealTree +-- qs@6.2.1
139 silly idealTree +-- querystringify@0.0.4
139 silly idealTree +-- readable-stream@1.1.14
139 silly idealTree +-- regexp-clone@0.0.1
139 silly idealTree +-- request@2.74.0
139 silly idealTree +-- require_optional@1.0.0
139 silly idealTree +-- requires-port@1.0.0
139 silly idealTree +-- resolve-from@2.0.0
139 silly idealTree +-- sax@1.2.1
139 silly idealTree +-- semver@5.3.0
139 silly idealTree +-- sliced@1.0.1
139 silly idealTree +-- sntp@1.0.9
139 silly idealTree +-- sshpk@1.9.2
139 silly idealTree | `-- assert-plus@1.0.0
139 silly idealTree +-- string_decoder@0.10.31
139 silly idealTree +-- stringstream@0.0.5
139 silly idealTree +-- strip-ansi@3.0.1
139 silly idealTree +-- supports-color@2.0.0
139 silly idealTree +-- topo@2.0.2
139 silly idealTree | `-- hoek@4.0.2
139 silly idealTree +-- tough-cookie@2.3.1
139 silly idealTree +-- tunnel-agent@0.4.3
139 silly idealTree +-- tweetnacl@0.13.3
139 silly idealTree +-- url-parse@1.1.3
139 silly idealTree +-- util-deprecate@1.0.2
139 silly idealTree +-- verror@1.3.6
139 silly idealTree +-- xml2js@0.4.17
139 silly idealTree +-- xmlbuilder@4.2.1
139 silly idealTree | `-- lodash@4.15.0
139 silly idealTree `-- xtend@4.0.1
140 silly generateActionsToTake Starting
141 silly install generateActionsToTake
142 silly generateActionsToTake Finishing
143 silly diffTrees action count 3
144 silly diffTrees add bindings@1.2.1
145 silly diffTrees add nan@2.4.0
146 silly diffTrees add node-expat@2.3.15
147 silly decomposeActions action count 24
148 silly decomposeActions fetch bindings@1.2.1
149 silly decomposeActions extract bindings@1.2.1
150 silly decomposeActions test bindings@1.2.1
151 silly decomposeActions preinstall bindings@1.2.1
152 silly decomposeActions build bindings@1.2.1
153 silly decomposeActions install bindings@1.2.1
154 silly decomposeActions postinstall bindings@1.2.1
155 silly decomposeActions finalize bindings@1.2.1
156 silly decomposeActions fetch nan@2.4.0
157 silly decomposeActions extract nan@2.4.0
158 silly decomposeActions test nan@2.4.0
159 silly decomposeActions preinstall nan@2.4.0
160 silly decomposeActions build nan@2.4.0
161 silly decomposeActions install nan@2.4.0
162 silly decomposeActions postinstall nan@2.4.0
163 silly decomposeActions finalize nan@2.4.0
164 silly decomposeActions fetch node-expat@2.3.15
165 silly decomposeActions extract node-expat@2.3.15
166 silly decomposeActions test node-expat@2.3.15
167 silly decomposeActions preinstall node-expat@2.3.15
168 silly decomposeActions build node-expat@2.3.15
169 silly decomposeActions install node-expat@2.3.15
170 silly decomposeActions postinstall node-expat@2.3.15
171 silly decomposeActions finalize node-expat@2.3.15
172 silly executeActions Starting
173 silly install executeActions
174 silly doSerial global-install 0
175 silly doParallel fetch 3
176 verbose correctMkdir C:\Users\jliu1\AppData\Roaming\npm-cache\_locks correctMkdir not in flight; initializing
177 verbose lock using C:\Users\jliu1\AppData\Roaming\npm-cache\_locks\staging-b6166c9c747704af.lock for C:\Users\jliu1\Documents\BHAVI\JLiu\Example_Applications\webcrawler\node_modules\.staging
178 silly doParallel extract 3
179 silly extract bindings@1.2.1
180 silly extract nan@2.4.0
181 silly extract node-expat@2.3.15
182 verbose unbuild node_modules\.staging\nan-3f4df7cc
183 verbose unbuild node_modules\.staging\bindings-5dc7d4f2
184 verbose unbuild node_modules\.staging\node-expat-e7e26143
185 silly gentlyRm C:\Users\jliu1\Documents\BHAVI\JLiu\Example_Applications\webcrawler\node_modules\.staging\nan-3f4df7cc is being purged from base C:\Users\jliu1\Documents\BHAVI\JLiu\Example_Applications\webcrawler
186 verbose gentlyRm don't care about contents; nuking C:\Users\jliu1\Documents\BHAVI\JLiu\Example_Applications\webcrawler\node_modules\.staging\nan-3f4df7cc
187 silly gentlyRm C:\Users\jliu1\Documents\BHAVI\JLiu\Example_Applications\webcrawler\node_modules\.staging\bindings-5dc7d4f2 is being purged from base C:\Users\jliu1\Documents\BHAVI\JLiu\Example_Applications\webcrawler
188 verbose gentlyRm don't care about contents; nuking C:\Users\jliu1\Documents\BHAVI\JLiu\Example_Applications\webcrawler\node_modules\.staging\bindings-5dc7d4f2
189 silly gentlyRm C:\Users\jliu1\Documents\BHAVI\JLiu\Example_Applications\webcrawler\node_modules\.staging\node-expat-e7e26143 is being purged from base C:\Users\jliu1\Documents\BHAVI\JLiu\Example_Applications\webcrawler
190 verbose gentlyRm don't care about contents; nuking C:\Users\jliu1\Documents\BHAVI\JLiu\Example_Applications\webcrawler\node_modules\.staging\node-expat-e7e26143
191 verbose tar unpack C:\Users\jliu1\AppData\Roaming\npm-cache\nan\2.4.0\package.tgz
192 verbose tar unpacking to C:\Users\jliu1\Documents\BHAVI\JLiu\Example_Applications\webcrawler\node_modules\.staging\nan-3f4df7cc
193 silly gentlyRm C:\Users\jliu1\Documents\BHAVI\JLiu\Example_Applications\webcrawler\node_modules\.staging\nan-3f4df7cc is being purged
194 verbose gentlyRm don't care about contents; nuking C:\Users\jliu1\Documents\BHAVI\JLiu\Example_Applications\webcrawler\node_modules\.staging\nan-3f4df7cc
195 verbose tar unpack C:\Users\jliu1\AppData\Roaming\npm-cache\bindings\1.2.1\package.tgz
196 verbose tar unpacking to C:\Users\jliu1\Documents\BHAVI\JLiu\Example_Applications\webcrawler\node_modules\.staging\bindings-5dc7d4f2
197 silly gentlyRm C:\Users\jliu1\Documents\BHAVI\JLiu\Example_Applications\webcrawler\node_modules\.staging\bindings-5dc7d4f2 is being purged
198 verbose gentlyRm don't care about contents; nuking C:\Users\jliu1\Documents\BHAVI\JLiu\Example_Applications\webcrawler\node_modules\.staging\bindings-5dc7d4f2
199 verbose tar unpack C:\Users\jliu1\AppData\Roaming\npm-cache\node-expat\2.3.15\package.tgz
200 verbose tar unpacking to C:\Users\jliu1\Documents\BHAVI\JLiu\Example_Applications\webcrawler\node_modules\.staging\node-expat-e7e26143
201 silly gentlyRm C:\Users\jliu1\Documents\BHAVI\JLiu\Example_Applications\webcrawler\node_modules\.staging\node-expat-e7e26143 is being purged
202 verbose gentlyRm don't care about contents; nuking C:\Users\jliu1\Documents\BHAVI\JLiu\Example_Applications\webcrawler\node_modules\.staging\node-expat-e7e26143
203 silly gunzTarPerm modes [ '777', '666' ]
204 silly gunzTarPerm modes [ '777', '666' ]
205 silly gunzTarPerm modes [ '777', '666' ]
206 silly gunzTarPerm extractEntry package.json
207 silly gunzTarPerm modified mode [ 'package.json', 436, 438 ]
208 silly gunzTarPerm extractEntry package.json
209 silly gunzTarPerm modified mode [ 'package.json', 420, 438 ]
210 silly gunzTarPerm extractEntry package.json
211 silly gunzTarPerm modified mode [ 'package.json', 420, 438 ]
212 silly gunzTarPerm extractEntry README.md
213 silly gunzTarPerm modified mode [ 'README.md', 436, 438 ]
214 silly gunzTarPerm extractEntry README.md
215 silly gunzTarPerm modified mode [ 'README.md', 420, 438 ]
216 silly gunzTarPerm extractEntry bindings.js
217 silly gunzTarPerm modified mode [ 'bindings.js', 420, 438 ]
218 silly gunzTarPerm extractEntry include_dirs.js
219 silly gunzTarPerm modified mode [ 'include_dirs.js', 436, 438 ]
220 silly gunzTarPerm extractEntry README.md
221 silly gunzTarPerm modified mode [ 'README.md', 420, 438 ]
222 silly gunzTarPerm extractEntry LICENSE
223 silly gunzTarPerm modified mode [ 'LICENSE', 420, 438 ]
224 silly gunzTarPerm extractEntry nan_callbacks_pre_12_inl.h
225 silly gunzTarPerm modified mode [ 'nan_callbacks_pre_12_inl.h', 436, 438 ]
226 silly gunzTarPerm extractEntry CHANGELOG.md
227 silly gunzTarPerm modified mode [ 'CHANGELOG.md', 436, 438 ]
228 silly gunzTarPerm extractEntry LICENSE.md
229 silly gunzTarPerm modified mode [ 'LICENSE.md', 436, 438 ]
230 silly gunzTarPerm extractEntry binding.gyp
231 silly gunzTarPerm modified mode [ 'binding.gyp', 420, 438 ]
232 silly gunzTarPerm extractEntry deps/libexpat/README
233 silly gunzTarPerm modified mode [ 'deps/libexpat/README', 420, 438 ]
234 silly gunzTarPerm extractEntry doc/node_misc.md
235 silly gunzTarPerm modified mode [ 'doc/node_misc.md', 436, 438 ]
236 silly gunzTarPerm extractEntry deps/libexpat/doc/expat.png
237 silly gunzTarPerm modified mode [ 'deps/libexpat/doc/expat.png', 420, 438 ]
238 silly gunzTarPerm extractEntry doc/asyncworker.md
239 silly gunzTarPerm modified mode [ 'doc/asyncworker.md', 436, 438 ]
240 silly gunzTarPerm extractEntry doc/callback.md
241 silly gunzTarPerm modified mode [ 'doc/callback.md', 436, 438 ]
242 silly gunzTarPerm extractEntry deps/libexpat/doc/reference.html
243 silly gunzTarPerm modified mode [ 'deps/libexpat/doc/reference.html', 420, 438 ]
244 silly gunzTarPerm extractEntry deps/libexpat/doc/style.css
245 silly gunzTarPerm modified mode [ 'deps/libexpat/doc/style.css', 420, 438 ]
246 silly gunzTarPerm extractEntry doc/converters.md
247 silly gunzTarPerm modified mode [ 'doc/converters.md', 436, 438 ]
248 silly gunzTarPerm extractEntry doc/errors.md
249 silly gunzTarPerm modified mode [ 'doc/errors.md', 436, 438 ]
250 silly gentlyRm C:\Users\jliu1\Documents\BHAVI\JLiu\Example_Applications\webcrawler\node_modules\.staging\bindings-5dc7d4f2\node_modules is being purged
251 verbose gentlyRm don't care about contents; nuking C:\Users\jliu1\Documents\BHAVI\JLiu\Example_Applications\webcrawler\node_modules\.staging\bindings-5dc7d4f2\node_modules
252 silly gunzTarPerm extractEntry doc/maybe_types.md
253 silly gunzTarPerm modified mode [ 'doc/maybe_types.md', 436, 438 ]
254 silly gunzTarPerm extractEntry doc/methods.md
255 silly gunzTarPerm modified mode [ 'doc/methods.md', 436, 438 ]
256 silly gunzTarPerm extractEntry deps/libexpat/doc/valid-xhtml10.png
257 silly gunzTarPerm modified mode [ 'deps/libexpat/doc/valid-xhtml10.png', 420, 438 ]
258 silly gunzTarPerm extractEntry deps/libexpat/doc/xmlwf.1
259 silly gunzTarPerm modified mode [ 'deps/libexpat/doc/xmlwf.1', 420, 438 ]
260 silly gunzTarPerm extractEntry doc/new.md
261 silly gunzTarPerm modified mode [ 'doc/new.md', 436, 438 ]
262 silly gunzTarPerm extractEntry doc/buffers.md
263 silly gunzTarPerm modified mode [ 'doc/buffers.md', 436, 438 ]
264 silly gunzTarPerm extractEntry deps/libexpat/doc/xmlwf.sgml
265 silly gunzTarPerm modified mode [ 'deps/libexpat/doc/xmlwf.sgml', 420, 438 ]
266 silly gunzTarPerm extractEntry deps/libexpat/COPYING
267 silly gunzTarPerm modified mode [ 'deps/libexpat/COPYING', 420, 438 ]
268 silly gunzTarPerm extractEntry doc/object_wrappers.md
269 silly gunzTarPerm modified mode [ 'doc/object_wrappers.md', 436, 438 ]
270 silly gunzTarPerm extractEntry doc/persistent.md
271 silly gunzTarPerm modified mode [ 'doc/persistent.md', 436, 438 ]
272 silly gunzTarPerm extractEntry deps/libexpat/Changes
273 silly gunzTarPerm modified mode [ 'deps/libexpat/Changes', 420, 438 ]
274 silly gunzTarPerm extractEntry deps/libexpat/ConfigureChecks.cmake
275 silly gunzTarPerm modified mode [ 'deps/libexpat/ConfigureChecks.cmake', 493, 511 ]
276 silly gunzTarPerm extractEntry deps/libexpat/MANIFEST
277 silly gunzTarPerm modified mode [ 'deps/libexpat/MANIFEST', 420, 438 ]
278 silly gunzTarPerm extractEntry deps/libexpat/Makefile.in
279 silly gunzTarPerm modified mode [ 'deps/libexpat/Makefile.in', 420, 438 ]
280 silly gunzTarPerm extractEntry deps/libexpat/CMake.README
281 silly gunzTarPerm modified mode [ 'deps/libexpat/CMake.README', 493, 511 ]
282 silly gunzTarPerm extractEntry doc/scopes.md
283 silly gunzTarPerm modified mode [ 'doc/scopes.md', 436, 438 ]
284 silly gunzTarPerm extractEntry doc/script.md
285 silly gunzTarPerm modified mode [ 'doc/script.md', 436, 438 ]
286 silly gunzTarPerm extractEntry deps/libexpat/aclocal.m4
287 silly gunzTarPerm modified mode [ 'deps/libexpat/aclocal.m4', 420, 438 ]
288 silly gunzTarPerm extractEntry deps/libexpat/amiga/expat_68k_handler_stubs.c
289 silly gunzTarPerm modified mode [ 'deps/libexpat/amiga/expat_68k_handler_stubs.c', 493, 511 ]
290 silly gunzTarPerm extractEntry doc/string_bytes.md
291 silly gunzTarPerm modified mode [ 'doc/string_bytes.md', 436, 438 ]
292 silly gunzTarPerm extractEntry doc/v8_internals.md
293 silly gunzTarPerm modified mode [ 'doc/v8_internals.md', 436, 438 ]
294 silly gunzTarPerm extractEntry deps/libexpat/amiga/Makefile
295 silly gunzTarPerm modified mode [ 'deps/libexpat/amiga/Makefile', 420, 438 ]
296 silly gunzTarPerm extractEntry deps/libexpat/amiga/expat.xml
297 silly gunzTarPerm modified mode [ 'deps/libexpat/amiga/expat.xml', 420, 438 ]
298 silly gunzTarPerm extractEntry doc/v8_misc.md
299 silly gunzTarPerm modified mode [ 'doc/v8_misc.md', 436, 438 ]
300 silly gunzTarPerm extractEntry nan.h
301 silly gunzTarPerm modified mode [ 'nan.h', 436, 438 ]
302 silly gunzTarPerm extractEntry deps/libexpat/amiga/expat_68k.c
303 silly gunzTarPerm modified mode [ 'deps/libexpat/amiga/expat_68k.c', 420, 438 ]
304 silly gunzTarPerm extractEntry deps/libexpat/amiga/expat_68k.h
305 silly gunzTarPerm modified mode [ 'deps/libexpat/amiga/expat_68k.h', 493, 511 ]
306 silly gunzTarPerm extractEntry nan_callbacks.h
307 silly gunzTarPerm modified mode [ 'nan_callbacks.h', 436, 438 ]
308 silly gunzTarPerm extractEntry nan_callbacks_12_inl.h
309 silly gunzTarPerm modified mode [ 'nan_callbacks_12_inl.h', 436, 438 ]
310 silly gunzTarPerm extractEntry nan_converters.h
311 silly gunzTarPerm modified mode [ 'nan_converters.h', 436, 438 ]
312 silly gunzTarPerm extractEntry nan_converters_43_inl.h
313 silly gunzTarPerm modified mode [ 'nan_converters_43_inl.h', 436, 438 ]
314 silly gunzTarPerm extractEntry nan_converters_pre_43_inl.h
315 silly gunzTarPerm modified mode [ 'nan_converters_pre_43_inl.h', 436, 438 ]
316 silly gunzTarPerm extractEntry deps/libexpat/amiga/README.txt
317 silly gunzTarPerm modified mode [ 'deps/libexpat/amiga/README.txt', 420, 438 ]
318 silly gunzTarPerm extractEntry deps/libexpat/amiga/expat_base.h
319 silly gunzTarPerm modified mode [ 'deps/libexpat/amiga/expat_base.h', 420, 438 ]
320 silly gunzTarPerm extractEntry nan_implementation_12_inl.h
321 silly gunzTarPerm modified mode [ 'nan_implementation_12_inl.h', 436, 438 ]
322 silly gunzTarPerm extractEntry deps/libexpat/amiga/expat_lib.c
323 silly gunzTarPerm modified mode [ 'deps/libexpat/amiga/expat_lib.c', 493, 511 ]
324 silly gunzTarPerm extractEntry deps/libexpat/amiga/expat_vectors.c
325 silly gunzTarPerm modified mode [ 'deps/libexpat/amiga/expat_vectors.c', 420, 438 ]
326 silly gunzTarPerm extractEntry nan_implementation_pre_12_inl.h
327 silly gunzTarPerm modified mode [ 'nan_implementation_pre_12_inl.h', 436, 438 ]
328 silly gunzTarPerm extractEntry nan_maybe_43_inl.h
329 silly gunzTarPerm modified mode [ 'nan_maybe_43_inl.h', 436, 438 ]
330 silly gunzTarPerm extractEntry nan_maybe_pre_43_inl.h
331 silly gunzTarPerm modified mode [ 'nan_maybe_pre_43_inl.h', 436, 438 ]
332 silly gunzTarPerm extractEntry nan_new.h
333 silly gunzTarPerm modified mode [ 'nan_new.h', 436, 438 ]
334 silly gunzTarPerm extractEntry deps/libexpat/amiga/include/inline4/expat.h
335 silly gunzTarPerm modified mode [ 'deps/libexpat/amiga/include/inline4/expat.h', 420, 438 ]
336 silly gunzTarPerm extractEntry nan_object_wrap.h
337 silly gunzTarPerm modified mode [ 'nan_object_wrap.h', 436, 438 ]
338 silly gunzTarPerm extractEntry nan_persistent_12_inl.h
339 silly gunzTarPerm modified mode [ 'nan_persistent_12_inl.h', 436, 438 ]
340 silly gunzTarPerm extractEntry deps/libexpat/amiga/include/interfaces/expat.h
341 silly gunzTarPerm modified mode [ 'deps/libexpat/amiga/include/interfaces/expat.h', 420, 438 ]
342 silly gunzTarPerm extractEntry deps/libexpat/amiga/include/libraries/expat.h
343 silly gunzTarPerm modified mode [ 'deps/libexpat/amiga/include/libraries/expat.h', 420, 438 ]
344 silly gunzTarPerm extractEntry nan_persistent_pre_12_inl.h
345 silly gunzTarPerm modified mode [ 'nan_persistent_pre_12_inl.h', 436, 438 ]
346 silly gunzTarPerm extractEntry nan_string_bytes.h
347 silly gunzTarPerm modified mode [ 'nan_string_bytes.h', 436, 438 ]
348 silly gunzTarPerm extractEntry nan_typedarray_contents.h
349 silly gunzTarPerm modified mode [ 'nan_typedarray_contents.h', 436, 438 ]
350 silly gunzTarPerm extractEntry nan_weak.h
351 silly gunzTarPerm modified mode [ 'nan_weak.h', 436, 438 ]
352 silly gunzTarPerm extractEntry deps/libexpat/amiga/include/proto/expat.h
353 silly gunzTarPerm modified mode [ 'deps/libexpat/amiga/include/proto/expat.h', 420, 438 ]
354 silly gunzTarPerm extractEntry deps/libexpat/amiga/launch.c
355 silly gunzTarPerm modified mode [ 'deps/libexpat/amiga/launch.c', 493, 511 ]
356 silly gunzTarPerm extractEntry tools/package.json
357 silly gunzTarPerm modified mode [ 'tools/package.json', 436, 438 ]
358 silly gunzTarPerm extractEntry tools/README.md
359 silly gunzTarPerm modified mode [ 'tools/README.md', 436, 438 ]
360 silly gunzTarPerm extractEntry deps/libexpat/bcb5/expatw.mak
361 silly gunzTarPerm modified mode [ 'deps/libexpat/bcb5/expatw.mak', 420, 438 ]
362 silly gunzTarPerm extractEntry deps/libexpat/bcb5/README.txt
363 silly gunzTarPerm modified mode [ 'deps/libexpat/bcb5/README.txt', 420, 438 ]
364 silly gunzTarPerm extractEntry deps/libexpat/bcb5/elements.bpf
365 silly gunzTarPerm modified mode [ 'deps/libexpat/bcb5/elements.bpf', 420, 438 ]
366 silly gunzTarPerm extractEntry deps/libexpat/bcb5/elements.bpr
367 silly gunzTarPerm modified mode [ 'deps/libexpat/bcb5/elements.bpr', 420, 438 ]
368 silly gunzTarPerm extractEntry tools/1to2.js
369 silly gunzTarPerm modified mode [ 'tools/1to2.js', 509, 511 ]
370 silly gunzTarPerm extractEntry deps/libexpat/bcb5/elements.mak
371 silly gunzTarPerm modified mode [ 'deps/libexpat/bcb5/elements.mak', 420, 438 ]
372 silly gunzTarPerm extractEntry deps/libexpat/bcb5/expat.bpf
373 silly gunzTarPerm modified mode [ 'deps/libexpat/bcb5/expat.bpf', 420, 438 ]
374 silly gunzTarPerm extractEntry deps/libexpat/bcb5/expat.bpr
375 silly gunzTarPerm modified mode [ 'deps/libexpat/bcb5/expat.bpr', 420, 438 ]
376 silly gunzTarPerm extractEntry deps/libexpat/bcb5/expat.mak
377 silly gunzTarPerm modified mode [ 'deps/libexpat/bcb5/expat.mak', 420, 438 ]
378 silly gunzTarPerm extractEntry deps/libexpat/bcb5/expat_static.bpf
379 silly gunzTarPerm modified mode [ 'deps/libexpat/bcb5/expat_static.bpf', 420, 438 ]
380 silly gunzTarPerm extractEntry deps/libexpat/bcb5/expat_static.bpr
381 silly gunzTarPerm modified mode [ 'deps/libexpat/bcb5/expat_static.bpr', 420, 438 ]
382 silly gunzTarPerm extractEntry deps/libexpat/bcb5/expat_static.mak
383 silly gunzTarPerm modified mode [ 'deps/libexpat/bcb5/expat_static.mak', 420, 438 ]
384 silly gunzTarPerm extractEntry deps/libexpat/bcb5/expatw.bpf
385 silly gunzTarPerm modified mode [ 'deps/libexpat/bcb5/expatw.bpf', 420, 438 ]
386 silly gunzTarPerm extractEntry deps/libexpat/bcb5/expatw.bpr
387 silly gunzTarPerm modified mode [ 'deps/libexpat/bcb5/expatw.bpr', 420, 438 ]
388 silly gunzTarPerm extractEntry deps/libexpat/bcb5/all_projects.bpg
389 silly gunzTarPerm modified mode [ 'deps/libexpat/bcb5/all_projects.bpg', 420, 438 ]
390 silly gunzTarPerm extractEntry deps/libexpat/bcb5/expatw_static.bpf
391 silly gunzTarPerm modified mode [ 'deps/libexpat/bcb5/expatw_static.bpf', 420, 438 ]
392 silly gunzTarPerm extractEntry deps/libexpat/bcb5/expatw_static.bpr
393 silly gunzTarPerm modified mode [ 'deps/libexpat/bcb5/expatw_static.bpr', 420, 438 ]
394 silly gunzTarPerm extractEntry deps/libexpat/bcb5/expatw_static.mak
395 silly gunzTarPerm modified mode [ 'deps/libexpat/bcb5/expatw_static.mak', 420, 438 ]
396 silly gunzTarPerm extractEntry deps/libexpat/bcb5/libexpat_mtd.def
397 silly gunzTarPerm modified mode [ 'deps/libexpat/bcb5/libexpat_mtd.def', 420, 438 ]
398 silly gunzTarPerm extractEntry deps/libexpat/bcb5/libexpatw_mtd.def
399 silly gunzTarPerm modified mode [ 'deps/libexpat/bcb5/libexpatw_mtd.def', 420, 438 ]
400 silly gunzTarPerm extractEntry deps/libexpat/bcb5/makefile.mak
401 silly gunzTarPerm modified mode [ 'deps/libexpat/bcb5/makefile.mak', 420, 438 ]
402 silly gunzTarPerm extractEntry deps/libexpat/bcb5/outline.bpf
403 silly gunzTarPerm modified mode [ 'deps/libexpat/bcb5/outline.bpf', 420, 438 ]
404 silly gunzTarPerm extractEntry deps/libexpat/bcb5/outline.bpr
405 silly gunzTarPerm modified mode [ 'deps/libexpat/bcb5/outline.bpr', 420, 438 ]
406 silly gunzTarPerm extractEntry deps/libexpat/bcb5/outline.mak
407 silly gunzTarPerm modified mode [ 'deps/libexpat/bcb5/outline.mak', 420, 438 ]
408 silly gunzTarPerm extractEntry deps/libexpat/bcb5/setup.bat
409 silly gunzTarPerm modified mode [ 'deps/libexpat/bcb5/setup.bat', 420, 438 ]
410 silly gunzTarPerm extractEntry deps/libexpat/bcb5/xmlwf.bpf
411 silly gunzTarPerm modified mode [ 'deps/libexpat/bcb5/xmlwf.bpf', 420, 438 ]
412 silly gunzTarPerm extractEntry deps/libexpat/bcb5/xmlwf.bpr
413 silly gunzTarPerm modified mode [ 'deps/libexpat/bcb5/xmlwf.bpr', 420, 438 ]
414 silly gunzTarPerm extractEntry deps/libexpat/bcb5/xmlwf.mak
415 silly gunzTarPerm modified mode [ 'deps/libexpat/bcb5/xmlwf.mak', 420, 438 ]
416 silly gunzTarPerm extractEntry deps/libexpat/configure
417 silly gunzTarPerm modified mode [ 'deps/libexpat/configure', 493, 511 ]
418 silly gunzTarPerm extractEntry deps/libexpat/configure.in
419 silly gunzTarPerm modified mode [ 'deps/libexpat/configure.in', 420, 438 ]
420 silly gunzTarPerm extractEntry deps/libexpat/conftools/PrintPath
421 silly gunzTarPerm modified mode [ 'deps/libexpat/conftools/PrintPath', 493, 511 ]
422 silly gunzTarPerm extractEntry deps/libexpat/conftools/ac_c_bigendian_cross.m4
423 silly gunzTarPerm modified mode [ 'deps/libexpat/conftools/ac_c_bigendian_cross.m4', 420, 438 ]
424 silly gunzTarPerm extractEntry deps/libexpat/conftools/config.guess
425 silly gunzTarPerm modified mode [ 'deps/libexpat/conftools/config.guess', 493, 511 ]
426 silly gunzTarPerm extractEntry deps/libexpat/conftools/config.sub
427 silly gunzTarPerm modified mode [ 'deps/libexpat/conftools/config.sub', 493, 511 ]
428 silly gunzTarPerm extractEntry deps/libexpat/conftools/expat.m4
429 silly gunzTarPerm modified mode [ 'deps/libexpat/conftools/expat.m4', 420, 438 ]
430 silly gunzTarPerm extractEntry deps/libexpat/conftools/get-version.sh
431 silly gunzTarPerm modified mode [ 'deps/libexpat/conftools/get-version.sh', 493, 511 ]
432 silly gunzTarPerm extractEntry deps/libexpat/conftools/install-sh
433 silly gunzTarPerm modified mode [ 'deps/libexpat/conftools/install-sh', 493, 511 ]
434 silly gunzTarPerm extractEntry deps/libexpat/conftools/ltmain.sh
435 silly gunzTarPerm modified mode [ 'deps/libexpat/conftools/ltmain.sh', 493, 511 ]
436 silly gunzTarPerm extractEntry deps/libexpat/conftools/mkinstalldirs
437 silly gunzTarPerm modified mode [ 'deps/libexpat/conftools/mkinstalldirs', 493, 511 ]
438 silly gunzTarPerm extractEntry deps/libexpat/CMakeLists.txt
439 silly gunzTarPerm modified mode [ 'deps/libexpat/CMakeLists.txt', 493, 511 ]
440 silly gunzTarPerm extractEntry deps/libexpat/examples/elements.c
441 silly gunzTarPerm modified mode [ 'deps/libexpat/examples/elements.c', 420, 438 ]
442 silly gunzTarPerm extractEntry deps/libexpat/examples/elements.dsp
443 silly gunzTarPerm modified mode [ 'deps/libexpat/examples/elements.dsp', 420, 438 ]
444 silly gunzTarPerm extractEntry deps/libexpat/examples/outline.c
445 silly gunzTarPerm modified mode [ 'deps/libexpat/examples/outline.c', 420, 438 ]
446 silly gunzTarPerm extractEntry deps/libexpat/examples/outline.dsp
447 silly gunzTarPerm modified mode [ 'deps/libexpat/examples/outline.dsp', 420, 438 ]
448 silly gunzTarPerm extractEntry deps/libexpat/expat.dsw
449 silly gunzTarPerm modified mode [ 'deps/libexpat/expat.dsw', 493, 511 ]
450 silly gunzTarPerm extractEntry deps/libexpat/expat.pc.in
451 silly gunzTarPerm modified mode [ 'deps/libexpat/expat.pc.in', 420, 438 ]
452 silly gunzTarPerm extractEntry deps/libexpat/expat_config.h
453 silly gunzTarPerm modified mode [ 'deps/libexpat/expat_config.h', 420, 438 ]
454 silly gunzTarPerm extractEntry deps/libexpat/expat_config.h.cmake
455 silly gunzTarPerm modified mode [ 'deps/libexpat/expat_config.h.cmake', 493, 511 ]
456 silly gunzTarPerm extractEntry deps/libexpat/expat_config.h.in
457 silly gunzTarPerm modified mode [ 'deps/libexpat/expat_config.h.in', 420, 438 ]
458 silly gunzTarPerm extractEntry deps/libexpat/lib/libexpat.def
459 silly gunzTarPerm modified mode [ 'deps/libexpat/lib/libexpat.def', 420, 438 ]
460 silly gunzTarPerm extractEntry deps/libexpat/lib/Makefile.MPW
461 silly gunzTarPerm modified mode [ 'deps/libexpat/lib/Makefile.MPW', 420, 438 ]
462 silly gunzTarPerm extractEntry deps/libexpat/lib/ascii.h
463 silly gunzTarPerm modified mode [ 'deps/libexpat/lib/ascii.h', 420, 438 ]
464 silly gunzTarPerm extractEntry deps/libexpat/lib/asciitab.h
465 silly gunzTarPerm modified mode [ 'deps/libexpat/lib/asciitab.h', 420, 438 ]
466 silly gunzTarPerm extractEntry deps/libexpat/lib/expat.dsp
467 silly gunzTarPerm modified mode [ 'deps/libexpat/lib/expat.dsp', 420, 438 ]
468 silly gunzTarPerm extractEntry deps/libexpat/lib/expat.h
469 silly gunzTarPerm modified mode [ 'deps/libexpat/lib/expat.h', 420, 438 ]
470 silly gunzTarPerm extractEntry deps/libexpat/lib/expat_external.h
471 silly gunzTarPerm modified mode [ 'deps/libexpat/lib/expat_external.h', 420, 438 ]
472 silly gunzTarPerm extractEntry deps/libexpat/lib/expat_static.dsp
473 silly gunzTarPerm modified mode [ 'deps/libexpat/lib/expat_static.dsp', 420, 438 ]
474 silly gunzTarPerm extractEntry deps/libexpat/lib/expatw.dsp
475 silly gunzTarPerm modified mode [ 'deps/libexpat/lib/expatw.dsp', 420, 438 ]
476 silly gunzTarPerm extractEntry deps/libexpat/lib/expatw_static.dsp
477 silly gunzTarPerm modified mode [ 'deps/libexpat/lib/expatw_static.dsp', 420, 438 ]
478 silly gunzTarPerm extractEntry deps/libexpat/lib/iasciitab.h
479 silly gunzTarPerm modified mode [ 'deps/libexpat/lib/iasciitab.h', 420, 438 ]
480 silly gunzTarPerm extractEntry deps/libexpat/lib/internal.h
481 silly gunzTarPerm modified mode [ 'deps/libexpat/lib/internal.h', 420, 438 ]
482 silly gunzTarPerm extractEntry deps/libexpat/lib/latin1tab.h
483 silly gunzTarPerm modified mode [ 'deps/libexpat/lib/latin1tab.h', 420, 438 ]
484 silly gunzTarPerm extractEntry deps/libexpat/lib/amigaconfig.h
485 silly gunzTarPerm modified mode [ 'deps/libexpat/lib/amigaconfig.h', 420, 438 ]
486 silly gunzTarPerm extractEntry deps/libexpat/lib/libexpatw.def
487 silly gunzTarPerm modified mode [ 'deps/libexpat/lib/libexpatw.def', 420, 438 ]
488 silly gunzTarPerm extractEntry deps/libexpat/lib/macconfig.h
489 silly gunzTarPerm modified mode [ 'deps/libexpat/lib/macconfig.h', 420, 438 ]
490 silly gunzTarPerm extractEntry deps/libexpat/lib/nametab.h
491 silly gunzTarPerm modified mode [ 'deps/libexpat/lib/nametab.h', 420, 438 ]
492 silly gentlyRm C:\Users\jliu1\Documents\BHAVI\JLiu\Example_Applications\webcrawler\node_modules\.staging\nan-3f4df7cc\node_modules is being purged
493 verbose gentlyRm don't care about contents; nuking C:\Users\jliu1\Documents\BHAVI\JLiu\Example_Applications\webcrawler\node_modules\.staging\nan-3f4df7cc\node_modules
494 silly gunzTarPerm extractEntry deps/libexpat/lib/utf8tab.h
495 silly gunzTarPerm modified mode [ 'deps/libexpat/lib/utf8tab.h', 420, 438 ]
496 silly gunzTarPerm extractEntry deps/libexpat/lib/winconfig.h
497 silly gunzTarPerm modified mode [ 'deps/libexpat/lib/winconfig.h', 420, 438 ]
498 silly gunzTarPerm extractEntry deps/libexpat/lib/xmlparse.c
499 silly gunzTarPerm modified mode [ 'deps/libexpat/lib/xmlparse.c', 420, 438 ]
500 silly gunzTarPerm extractEntry deps/libexpat/lib/xmlrole.c
501 silly gunzTarPerm modified mode [ 'deps/libexpat/lib/xmlrole.c', 420, 438 ]
502 silly gunzTarPerm extractEntry deps/libexpat/lib/xmlrole.h
503 silly gunzTarPerm modified mode [ 'deps/libexpat/lib/xmlrole.h', 420, 438 ]
504 silly gunzTarPerm extractEntry deps/libexpat/lib/xmltok.c
505 silly gunzTarPerm modified mode [ 'deps/libexpat/lib/xmltok.c', 420, 438 ]
506 silly gunzTarPerm extractEntry deps/libexpat/lib/xmltok.h
507 silly gunzTarPerm modified mode [ 'deps/libexpat/lib/xmltok.h', 420, 438 ]
508 silly gunzTarPerm extractEntry deps/libexpat/lib/xmltok_impl.c
509 silly gunzTarPerm modified mode [ 'deps/libexpat/lib/xmltok_impl.c', 420, 438 ]
510 silly gunzTarPerm extractEntry deps/libexpat/lib/xmltok_impl.h
511 silly gunzTarPerm modified mode [ 'deps/libexpat/lib/xmltok_impl.h', 420, 438 ]
512 silly gunzTarPerm extractEntry deps/libexpat/lib/xmltok_ns.c
513 silly gunzTarPerm modified mode [ 'deps/libexpat/lib/xmltok_ns.c', 420, 438 ]
514 silly gunzTarPerm extractEntry deps/libexpat/libexpat.gyp
515 silly gunzTarPerm modified mode [ 'deps/libexpat/libexpat.gyp', 420, 438 ]
516 silly gunzTarPerm extractEntry deps/libexpat/m4/libtool.m4
517 silly gunzTarPerm modified mode [ 'deps/libexpat/m4/libtool.m4', 420, 438 ]
518 silly gunzTarPerm extractEntry deps/libexpat/m4/ltoptions.m4
519 silly gunzTarPerm modified mode [ 'deps/libexpat/m4/ltoptions.m4', 420, 438 ]
520 silly gunzTarPerm extractEntry deps/libexpat/m4/ltsugar.m4
521 silly gunzTarPerm modified mode [ 'deps/libexpat/m4/ltsugar.m4', 420, 438 ]
522 silly gunzTarPerm extractEntry deps/libexpat/m4/ltversion.m4
523 silly gunzTarPerm modified mode [ 'deps/libexpat/m4/ltversion.m4', 420, 438 ]
524 silly gunzTarPerm extractEntry deps/libexpat/m4/lt~obsolete.m4
525 silly gunzTarPerm modified mode [ 'deps/libexpat/m4/lt~obsolete.m4', 420, 438 ]
526 silly gunzTarPerm extractEntry deps/libexpat/tests/README.txt
527 silly gunzTarPerm modified mode [ 'deps/libexpat/tests/README.txt', 420, 438 ]
528 silly gunzTarPerm extractEntry deps/libexpat/tests/benchmark/README.txt
529 silly gunzTarPerm modified mode [ 'deps/libexpat/tests/benchmark/README.txt', 420, 438 ]
530 silly gunzTarPerm extractEntry deps/libexpat/tests/benchmark/benchmark.c
531 silly gunzTarPerm modified mode [ 'deps/libexpat/tests/benchmark/benchmark.c', 420, 438 ]
532 silly gunzTarPerm extractEntry deps/libexpat/tests/benchmark/benchmark.dsp
533 silly gunzTarPerm modified mode [ 'deps/libexpat/tests/benchmark/benchmark.dsp', 420, 438 ]
534 silly gunzTarPerm extractEntry deps/libexpat/tests/benchmark/benchmark.dsw
535 silly gunzTarPerm modified mode [ 'deps/libexpat/tests/benchmark/benchmark.dsw', 420, 438 ]
536 silly gunzTarPerm extractEntry deps/libexpat/tests/chardata.c
537 silly gunzTarPerm modified mode [ 'deps/libexpat/tests/chardata.c', 420, 438 ]
538 silly gunzTarPerm extractEntry deps/libexpat/tests/chardata.h
539 silly gunzTarPerm modified mode [ 'deps/libexpat/tests/chardata.h', 420, 438 ]
540 silly gunzTarPerm extractEntry deps/libexpat/tests/minicheck.c
541 silly gunzTarPerm modified mode [ 'deps/libexpat/tests/minicheck.c', 420, 438 ]
542 silly gunzTarPerm extractEntry deps/libexpat/tests/minicheck.h
543 silly gunzTarPerm modified mode [ 'deps/libexpat/tests/minicheck.h', 420, 438 ]
544 silly gunzTarPerm extractEntry deps/libexpat/tests/runtests.c
545 silly gunzTarPerm modified mode [ 'deps/libexpat/tests/runtests.c', 420, 438 ]
546 silly gunzTarPerm extractEntry deps/libexpat/tests/runtestspp.cpp
547 silly gunzTarPerm modified mode [ 'deps/libexpat/tests/runtestspp.cpp', 420, 438 ]
548 silly gunzTarPerm extractEntry deps/libexpat/tests/xmltest.sh
549 silly gunzTarPerm modified mode [ 'deps/libexpat/tests/xmltest.sh', 493, 511 ]
550 silly gunzTarPerm extractEntry deps/libexpat/version.c
551 silly gunzTarPerm modified mode [ 'deps/libexpat/version.c', 420, 438 ]
552 silly gunzTarPerm extractEntry deps/libexpat/vms/README.vms
553 silly gunzTarPerm modified mode [ 'deps/libexpat/vms/README.vms', 420, 438 ]
554 silly gunzTarPerm extractEntry deps/libexpat/vms/descrip.mms
555 silly gunzTarPerm modified mode [ 'deps/libexpat/vms/descrip.mms', 420, 438 ]
556 silly gunzTarPerm extractEntry deps/libexpat/vms/expat_config.h
557 silly gunzTarPerm modified mode [ 'deps/libexpat/vms/expat_config.h', 420, 438 ]
558 silly gunzTarPerm extractEntry deps/libexpat/win32/MANIFEST.txt
559 silly gunzTarPerm modified mode [ 'deps/libexpat/win32/MANIFEST.txt', 420, 438 ]
560 silly gunzTarPerm extractEntry deps/libexpat/win32/README.txt
561 silly gunzTarPerm modified mode [ 'deps/libexpat/win32/README.txt', 420, 438 ]
562 silly gunzTarPerm extractEntry deps/libexpat/win32/expat.iss
563 silly gunzTarPerm modified mode [ 'deps/libexpat/win32/expat.iss', 420, 438 ]
564 silly gunzTarPerm extractEntry deps/libexpat/xmlwf/xmlfile.h
565 silly gunzTarPerm modified mode [ 'deps/libexpat/xmlwf/xmlfile.h', 493, 511 ]
566 silly gunzTarPerm extractEntry deps/libexpat/xmlwf/codepage.c
567 silly gunzTarPerm modified mode [ 'deps/libexpat/xmlwf/codepage.c', 493, 511 ]
568 silly gunzTarPerm extractEntry deps/libexpat/xmlwf/ct.c
569 silly gunzTarPerm modified mode [ 'deps/libexpat/xmlwf/ct.c', 493, 511 ]
570 silly gunzTarPerm extractEntry deps/libexpat/xmlwf/filemap.h
571 silly gunzTarPerm modified mode [ 'deps/libexpat/xmlwf/filemap.h', 493, 511 ]
572 silly gunzTarPerm extractEntry deps/libexpat/xmlwf/readfilemap.c
573 silly gunzTarPerm modified mode [ 'deps/libexpat/xmlwf/readfilemap.c', 493, 511 ]
574 silly gunzTarPerm extractEntry deps/libexpat/xmlwf/unixfilemap.c
575 silly gunzTarPerm modified mode [ 'deps/libexpat/xmlwf/unixfilemap.c', 493, 511 ]
576 silly gunzTarPerm extractEntry deps/libexpat/xmlwf/win32filemap.c
577 silly gunzTarPerm modified mode [ 'deps/libexpat/xmlwf/win32filemap.c', 493, 511 ]
578 silly gunzTarPerm extractEntry deps/libexpat/xmlwf/xmlfile.c
579 silly gunzTarPerm modified mode [ 'deps/libexpat/xmlwf/xmlfile.c', 493, 511 ]
580 silly gunzTarPerm extractEntry deps/libexpat/xmlwf/codepage.h
581 silly gunzTarPerm modified mode [ 'deps/libexpat/xmlwf/codepage.h', 493, 511 ]
582 silly gunzTarPerm extractEntry deps/libexpat/xmlwf/xmlmime.c
583 silly gunzTarPerm modified mode [ 'deps/libexpat/xmlwf/xmlmime.c', 493, 511 ]
584 silly gunzTarPerm extractEntry deps/libexpat/xmlwf/xmlmime.h
585 silly gunzTarPerm modified mode [ 'deps/libexpat/xmlwf/xmlmime.h', 493, 511 ]
586 silly gunzTarPerm extractEntry deps/libexpat/xmlwf/xmltchar.h
587 silly gunzTarPerm modified mode [ 'deps/libexpat/xmlwf/xmltchar.h', 493, 511 ]
588 silly gunzTarPerm extractEntry deps/libexpat/xmlwf/xmlurl.h
589 silly gunzTarPerm modified mode [ 'deps/libexpat/xmlwf/xmlurl.h', 493, 511 ]
590 silly gunzTarPerm extractEntry deps/libexpat/xmlwf/xmlwf.c
591 silly gunzTarPerm modified mode [ 'deps/libexpat/xmlwf/xmlwf.c', 493, 511 ]
592 silly gunzTarPerm extractEntry deps/libexpat/xmlwf/xmlwf.dsp
593 silly gunzTarPerm modified mode [ 'deps/libexpat/xmlwf/xmlwf.dsp', 493, 511 ]
594 silly gunzTarPerm extractEntry deps/libexpat/xmlwf/xmlwin32url.cxx
595 silly gunzTarPerm modified mode [ 'deps/libexpat/xmlwf/xmlwin32url.cxx', 493, 511 ]
596 silly gunzTarPerm extractEntry lib/node-expat.js
597 silly gunzTarPerm modified mode [ 'lib/node-expat.js', 420, 438 ]
598 silly gunzTarPerm extractEntry node-expat.cc
599 silly gunzTarPerm modified mode [ 'node-expat.cc', 420, 438 ]
600 silly gentlyRm C:\Users\jliu1\Documents\BHAVI\JLiu\Example_Applications\webcrawler\node_modules\.staging\node-expat-e7e26143\node_modules is being purged
601 verbose gentlyRm don't care about contents; nuking C:\Users\jliu1\Documents\BHAVI\JLiu\Example_Applications\webcrawler\node_modules\.staging\node-expat-e7e26143\node_modules
602 silly doParallel preinstall 3
603 silly preinstall bindings@1.2.1 C:\Users\jliu1\Documents\BHAVI\JLiu\Example_Applications\webcrawler\node_modules\.staging\bindings-5dc7d4f2
604 info lifecycle bindings@1.2.1~preinstall: bindings@1.2.1
605 silly preinstall nan@2.4.0 C:\Users\jliu1\Documents\BHAVI\JLiu\Example_Applications\webcrawler\node_modules\.staging\nan-3f4df7cc
606 info lifecycle nan@2.4.0~preinstall: nan@2.4.0
607 silly preinstall node-expat@2.3.15 C:\Users\jliu1\Documents\BHAVI\JLiu\Example_Applications\webcrawler\node_modules\.staging\node-expat-e7e26143
608 info lifecycle node-expat@2.3.15~preinstall: node-expat@2.3.15
609 silly lifecycle bindings@1.2.1~preinstall: no script for preinstall, continuing
610 silly lifecycle nan@2.4.0~preinstall: no script for preinstall, continuing
611 silly lifecycle node-expat@2.3.15~preinstall: no script for preinstall, continuing
612 silly doReverseSerial remove 0
613 silly doSerial move 0
614 silly doSerial finalize 3
615 silly finalize C:\Users\jliu1\Documents\BHAVI\JLiu\Example_Applications\webcrawler\node_modules\bindings
616 silly finalize C:\Users\jliu1\Documents\BHAVI\JLiu\Example_Applications\webcrawler\node_modules\nan
617 silly finalize C:\Users\jliu1\Documents\BHAVI\JLiu\Example_Applications\webcrawler\node_modules\node-expat
618 silly doSerial build 3
619 silly build bindings@1.2.1
620 info linkStuff bindings@1.2.1
621 silly linkStuff bindings@1.2.1 has C:\Users\jliu1\Documents\BHAVI\JLiu\Example_Applications\webcrawler\node_modules as its parent node_modules
622 verbose linkBins bindings@1.2.1
623 verbose linkMans bindings@1.2.1
624 silly build nan@2.4.0
625 info linkStuff nan@2.4.0
626 silly linkStuff nan@2.4.0 has C:\Users\jliu1\Documents\BHAVI\JLiu\Example_Applications\webcrawler\node_modules as its parent node_modules
627 verbose linkBins nan@2.4.0
628 verbose linkMans nan@2.4.0
629 silly build node-expat@2.3.15
630 info linkStuff node-expat@2.3.15
631 silly linkStuff node-expat@2.3.15 has C:\Users\jliu1\Documents\BHAVI\JLiu\Example_Applications\webcrawler\node_modules as its parent node_modules
632 verbose linkBins node-expat@2.3.15
633 verbose linkMans node-expat@2.3.15
634 silly doSerial global-link 0
635 silly doParallel update-linked 0
636 silly doSerial install 3
637 silly install bindings@1.2.1 C:\Users\jliu1\Documents\BHAVI\JLiu\Example_Applications\webcrawler\node_modules\.staging\bindings-5dc7d4f2
638 info lifecycle bindings@1.2.1~install: bindings@1.2.1
639 silly lifecycle bindings@1.2.1~install: no script for install, continuing
640 silly install nan@2.4.0 C:\Users\jliu1\Documents\BHAVI\JLiu\Example_Applications\webcrawler\node_modules\.staging\nan-3f4df7cc
641 info lifecycle nan@2.4.0~install: nan@2.4.0
642 silly lifecycle nan@2.4.0~install: no script for install, continuing
643 silly install node-expat@2.3.15 C:\Users\jliu1\Documents\BHAVI\JLiu\Example_Applications\webcrawler\node_modules\.staging\node-expat-e7e26143
644 info lifecycle node-expat@2.3.15~install: node-expat@2.3.15
645 verbose lifecycle node-expat@2.3.15~install: unsafe-perm in lifecycle true
646 verbose lifecycle node-expat@2.3.15~install: PATH: C:\Users\jliu1\AppData\Roaming\npm\node_modules\npm\bin\node-gyp-bin;C:\Users\jliu1\Documents\BHAVI\JLiu\Example_Applications\webcrawler\node_modules\node-expat\node_modules\.bin;C:\Users\jliu1\Documents\BHAVI\JLiu\Example_Applications\webcrawler\node_modules\.bin;C:\Program Files\nodejs;C:\Program Files\Dell\DW WLAN Card;C:\Program Files (x86)\Intel\iCLS Client\;C:\Program Files\Intel\iCLS Client\;C:\Windows\system32;C:\Windows;C:\Windows\System32\Wbem;C:\Windows\System32\WindowsPowerShell\v1.0\;C:\Program Files (x86)\Intel\Intel(R) Management Engine Components\DAL;C:\Program Files\Intel\Intel(R) Management Engine Components\DAL;C:\Program Files (x86)\Intel\Intel(R) Management Engine Components\IPT;C:\Program Files\Intel\Intel(R) Management Engine Components\IPT;C:\Program Files\WIDCOMM\Bluetooth Software\;C:\Program Files\WIDCOMM\Bluetooth Software\syswow64;C:\Program Files (x86)\NVIDIA Corporation\PhysX\Common;C:\Program Files (x86)\OpenVPN\bin;C:\Program Files\MiKTeX 2.9\miktex\bin\x64\;C:\Program Files\nodejs\;C:\Program Files\Git\cmd;C:\Program Files (x86)\MySQL\MySQL Fabric 1.5 & MySQL Utilities 1.5\;C:\Program Files (x86)\MySQL\MySQL Fabric 1.5 & MySQL Utilities 1.5\Doctrine extensions for PHP\;C:\Microsoft SQL Server Migration Assistant for MySQL\bin\;C:\Program Files\Microsoft SQL Server\130\Tools\Binn\;C:\Program Files\Microsoft\Web Platform Installer\;C:\Program Files (x86)\Calibre2\;C:\Program Files\Git LFS;C:\Users\jliu1\.dnx\bin;C:\Users\jliu1\AppData\Roaming\npm;C:\Users\jliu1\AppData\Local\.meteor\
647 verbose lifecycle node-expat@2.3.15~install: CWD: C:\Users\jliu1\Documents\BHAVI\JLiu\Example_Applications\webcrawler\node_modules\node-expat
648 silly lifecycle node-expat@2.3.15~install: Args: [ '/d /s /c', 'node-gyp rebuild' ]
649 silly lifecycle node-expat@2.3.15~install: Returned: code: 1  signal: null
650 info lifecycle node-expat@2.3.15~install: Failed to exec install script
651 verbose unlock done using C:\Users\jliu1\AppData\Roaming\npm-cache\_locks\staging-b6166c9c747704af.lock for C:\Users\jliu1\Documents\BHAVI\JLiu\Example_Applications\webcrawler\node_modules\.staging
652 silly rollbackFailedOptional Starting
653 silly rollbackFailedOptional Finishing
654 silly runTopLevelLifecycles Starting
655 silly runTopLevelLifecycles Finishing
656 silly install printInstalled
657 warn simple-webcrawler-javascript@0.0.0 No repository field.
658 verbose stack Error: node-expat@2.3.15 install: `node-gyp rebuild`
658 verbose stack Exit status 1
658 verbose stack     at EventEmitter.<anonymous> (C:\Users\jliu1\AppData\Roaming\npm\node_modules\npm\lib\utils\lifecycle.js:242:16)
658 verbose stack     at emitTwo (events.js:87:13)
658 verbose stack     at EventEmitter.emit (events.js:172:7)
658 verbose stack     at ChildProcess.<anonymous> (C:\Users\jliu1\AppData\Roaming\npm\node_modules\npm\lib\utils\spawn.js:40:14)
658 verbose stack     at emitTwo (events.js:87:13)
658 verbose stack     at ChildProcess.emit (events.js:172:7)
658 verbose stack     at maybeClose (internal/child_process.js:827:16)
658 verbose stack     at Process.ChildProcess._handle.onexit (internal/child_process.js:211:5)
659 verbose pkgid node-expat@2.3.15
660 verbose cwd C:\Users\jliu1\Documents\BHAVI\JLiu\Example_Applications\webcrawler
661 error Windows_NT 10.0.10586
662 error argv "C:\\Program Files\\nodejs\\node.exe" "C:\\Users\\jliu1\\AppData\\Roaming\\npm\\node_modules\\npm\\bin\\npm-cli.js" "install" "node-expat"
663 error node v4.4.7
664 error npm  v3.10.5
665 error code ELIFECYCLE
666 error node-expat@2.3.15 install: `node-gyp rebuild`
666 error Exit status 1
667 error Failed at the node-expat@2.3.15 install script 'node-gyp rebuild'.
667 error Make sure you have the latest version of node.js and npm installed.
667 error If you do, this is most likely a problem with the node-expat package,
667 error not with npm itself.
667 error Tell the author that this fails on your system:
667 error     node-gyp rebuild
667 error You can get information on how to open an issue for this project with:
667 error     npm bugs node-expat
667 error Or if that isn't available, you can get their info via:
667 error     npm owner ls node-expat
667 error There is likely additional logging output above.
668 verbose exit [ 1, true ]
